<?xml version="1.0" encoding="UTF-8"?>
<!-- Generated by org.testng.reporters.JUnitReportReporter -->
<testsuite hostname="TeamOs-PC" failures="0" tests="3" name="Selenium4_TestNG_Jenkins_TestCase.FirstTestCase" time="24.454" errors="0" timestamp="2023-06-05T09:48:16 BDT" skipped="0">
  <testcase classname="Selenium4_TestNG_Jenkins_TestCase.FirstTestCase" name="testcase2" time="6.778"/>
  <system-out/>
  <testcase classname="Selenium4_TestNG_Jenkins_TestCase.FirstTestCase" name="testcase3" time="10.434"/>
  <system-out/>
  <testcase classname="Selenium4_TestNG_Jenkins_TestCase.FirstTestCase" name="testcase1" time="7.242"/>
  <system-out/>
</testsuite> <!-- Selenium4_TestNG_Jenkins_TestCase.FirstTestCase -->
